2014-02-23 17:38:18.873 RiffleApp[13698:80b] Multi-tasking -> Device: YES, App: YES
2014-02-23 17:38:18.941 RiffleApp[13698:80b] Unlimited access to network resources
2014-02-23 17:38:20.640 RiffleApp[13698:80b] Resetting plugins due to page load.
2014-02-23 17:38:21.893 RiffleApp[13698:80b] Finished load of: file:///Users/anthonyoberto/Library/Application%20Support/iPhone%20Simulator/7.0.3/Applications/78EB7ADD-69BC-45BD-B6AE-C16ACBA5AD3E/RiffleApp.app/www/index.html
2014-02-23 17:42:51.820 RiffleApp[14430:80b] Multi-tasking -> Device: YES, App: YES
2014-02-23 17:42:51.855 RiffleApp[14430:80b] Unlimited access to network resources
2014-02-23 17:42:53.896 RiffleApp[14430:80b] Resetting plugins due to page load.
2014-02-23 17:42:55.567 RiffleApp[14430:80b] Finished load of: file:///Users/anthonyoberto/Library/Application%20Support/iPhone%20Simulator/7.0.3/Applications/78EB7ADD-69BC-45BD-B6AE-C16ACBA5AD3E/RiffleApp.app/www/index.html
2014-02-23 19:03:25.431 RiffleApp[15643:80b] Multi-tasking -> Device: YES, App: YES
2014-02-23 19:03:25.479 RiffleApp[15643:80b] Unlimited access to network resources
2014-02-23 19:03:27.155 RiffleApp[15643:80b] Resetting plugins due to page load.
2014-02-23 19:03:29.841 RiffleApp[15643:80b] Finished load of: file:///Users/anthonyoberto/Library/Application%20Support/iPhone%20Simulator/7.0.3/Applications/78EB7ADD-69BC-45BD-B6AE-C16ACBA5AD3E/RiffleApp.app/www/index.html
2014-02-23 19:36:18.687 RiffleApp[17521:80b] Multi-tasking -> Device: YES, App: YES
2014-02-23 19:36:18.707 RiffleApp[17521:80b] Unlimited access to network resources
2014-02-23 19:36:18.967 RiffleApp[17521:80b] Resetting plugins due to page load.
2014-02-23 19:36:19.534 RiffleApp[17521:80b] Finished load of: file:///Users/anthonyoberto/Library/Application%20Support/iPhone%20Simulator/7.0.3/Applications/78EB7ADD-69BC-45BD-B6AE-C16ACBA5AD3E/RiffleApp.app/www/index.html
2014-02-23 22:53:51.936 RiffleApp[21178:80b] Multi-tasking -> Device: YES, App: YES
2014-02-23 22:53:52.069 RiffleApp[21178:80b] Unlimited access to network resources
2014-02-23 22:53:53.117 RiffleApp[21178:80b] Resetting plugins due to page load.
2014-02-23 22:53:55.401 RiffleApp[21178:80b] Finished load of: file:///Users/anthonyoberto/Library/Application%20Support/iPhone%20Simulator/7.0.3/Applications/78EB7ADD-69BC-45BD-B6AE-C16ACBA5AD3E/RiffleApp.app/www/index.html
2014-02-23 22:55:28.047 RiffleApp[21562:80b] Multi-tasking -> Device: YES, App: YES
2014-02-23 22:55:28.187 RiffleApp[21562:80b] Unlimited access to network resources
2014-02-23 22:55:28.508 RiffleApp[21562:80b] Resetting plugins due to page load.
2014-02-23 22:55:28.988 RiffleApp[21562:80b] Finished load of: file:///Users/anthonyoberto/Library/Application%20Support/iPhone%20Simulator/7.0.3/Applications/78EB7ADD-69BC-45BD-B6AE-C16ACBA5AD3E/RiffleApp.app/www/index.html
Terminating in response to SpringBoard's termination.
2014-03-06 18:37:43.878 RiffleApp[6608:80b] Multi-tasking -> Device: YES, App: YES
2014-03-06 18:37:44.069 RiffleApp[6608:80b] Unlimited access to network resources
2014-03-06 18:37:44.587 RiffleApp[6608:80b] Resetting plugins due to page load.
2014-03-06 18:37:46.878 RiffleApp[6608:80b] Finished load of: file:///Users/anthonyoberto/Library/Application%20Support/iPhone%20Simulator/7.0.3/Applications/78EB7ADD-69BC-45BD-B6AE-C16ACBA5AD3E/RiffleApp.app/www/index.html
